<?xml version="1.0" encoding="UTF-8"?>
<!-- Generated by org.testng.reporters.JUnitReportReporter -->
<testsuite hostname="DESKTOP-CRP4OM8" failures="0" tests="3" name="TestNgFramework.TestBasic" time="12.234" errors="0" timestamp="2022-10-03T19:57:35 IST" skipped="0">
  <testcase classname="TestNgFramework.TestBasic" name="googleTitleTest" time="2.709"/>
  <system-out/>
  <testcase classname="TestNgFramework.TestBasic" name="googleLogoTest" time="2.744"/>
  <system-out/>
  <testcase classname="TestNgFramework.TestBasic" name="mailLinkTest" time="6.781"/>
  <system-out/>
</testsuite> <!-- TestNgFramework.TestBasic -->
